<?xml version="1.0" encoding="UTF-8"?>
<!-- Generated by org.testng.reporters.JUnitReportReporter -->
<testsuite hostname="Lavanya" failures="0" tests="5" name="JSONAPI_Testing.HttpRequest" time="3.318" errors="0" timestamp="12 Sep 2023 21:26:45 GMT" skipped="0">
  <testcase classname="JSONAPI_Testing.HttpRequest" name="getallResources" time="1.528"/>
  <testcase classname="JSONAPI_Testing.HttpRequest" name="postResource" time="0.602"/>
  <testcase classname="JSONAPI_Testing.HttpRequest" name="updateResource" time="0.404"/>
  <testcase classname="JSONAPI_Testing.HttpRequest" name="patchResource" time="0.409"/>
  <testcase classname="JSONAPI_Testing.HttpRequest" name="deleteResource" time="0.375"/>
</testsuite> <!-- JSONAPI_Testing.HttpRequest -->
