<?xml version="1.0" encoding="UTF-8"?>
<!-- Generated by org.testng.reporters.JUnitReportReporter -->
<testsuite hostname="Lavanya" failures="0" tests="10" name="JSONAPI_Testing.APITesting" time="12.514" errors="0" timestamp="13 Sep 2023 11:31:26 GMT" skipped="0">
  <testcase classname="JSONAPI_Testing.APITesting" name="getAllResources" time="0.172"/>
  <testcase classname="JSONAPI_Testing.APITesting" name="putResource" time="0.343"/>
  <testcase classname="JSONAPI_Testing.APITesting" name="postResource" time="2.269"/>
  <testcase classname="JSONAPI_Testing.APITesting" name="postResource" time="0.347"/>
  <testcase classname="JSONAPI_Testing.APITesting" name="patchResource" time="0.440"/>
  <testcase classname="JSONAPI_Testing.APITesting" name="deleteResource" time="0.292"/>
  <testcase classname="JSONAPI_Testing.APITesting" name="putResource" time="2.268"/>
  <testcase classname="JSONAPI_Testing.APITesting" name="getAllResources" time="2.269"/>
  <testcase classname="JSONAPI_Testing.APITesting" name="patchResource" time="2.269"/>
  <testcase classname="JSONAPI_Testing.APITesting" name="deleteResource" time="1.845"/>
</testsuite> <!-- JSONAPI_Testing.APITesting -->
